-------------------------------------------------------------------------------
Test set: com.javatechie.spring.insurance.server.api.ConfigServerApplicationTests
-------------------------------------------------------------------------------
Tests run: 1, Failures: 0, Errors: 1, Skipped: 0, Time elapsed: 0.362 s <<< FAILURE! - in com.javatechie.spring.insurance.server.api.ConfigServerApplicationTests
initializationError(com.javatechie.spring.insurance.server.api.ConfigServerApplicationTests)  Time elapsed: 0.007 s  <<< ERROR!
java.lang.IllegalStateException: Unable to find a @SpringBootConfiguration, you need to use @ContextConfiguration or @SpringBootTest(classes=...) with your test

